<?xml version="1.0"?><coverage lines-covered="211" lines-valid="249" line-rate="0.8473895582329317" branches-covered="0" branches-valid="0" branch-rate="0" complexity="0" version="1.9" timestamp="1674345174"><sources><source>/Users/aimericsorin/Documents/Techno/Rust/zero2prod</source></sources><packages><package name="src" line-rate="0.8473895582329317" branch-rate="0" complexity="0"><classes><class name="configuration" filename="src/configuration.rs" line-rate="0.8571428571428571" branch-rate="0" complexity="0"><methods/><lines><line number="44" hits="26"/><line number="45" hits="26"/><line number="46" hits="26"/><line number="47" hits="26"/><line number="48" hits="26"/><line number="49" hits="26"/><line number="51" hits="26"/><line number="52" hits="82"/><line number="56" hits="26"/><line number="57" hits="26"/><line number="58" hits="26"/><line number="64" hits="26"/><line number="66" hits="30"/><line number="76" hits="30"/><line number="77" hits="30"/><line number="78" hits="30"/><line number="79" hits="0"/><line number="87" hits="30"/><line number="88" hits="30"/><line number="89" hits="60"/><line number="90" hits="0"/><line number="91" hits="0"/><line number="92" hits="0"/><line number="93" hits="0"/><line number="100" hits="120"/><line number="101" hits="240"/><line number="102" hits="0"/><line number="105" hits="120"/><line number="108" hits="120"/><line number="109" hits="120"/><line number="110" hits="120"/><line number="111" hits="120"/><line number="112" hits="120"/><line number="113" hits="120"/><line number="116" hits="90"/><line number="117" hits="90"/><line number="118" hits="90"/><line number="119" hits="90"/><line number="125" hits="30"/><line number="126" hits="30"/><line number="128" hits="30"/><line number="129" hits="30"/></lines></class><class name="email_client" filename="src/email_client.rs" line-rate="1" branch-rate="0" complexity="0"><methods/><lines><line number="15" hits="34"/><line number="21" hits="34"/><line number="31" hits="21"/><line number="38" hits="22"/><line number="39" hits="22"/><line number="40" hits="22"/><line number="41" hits="22"/><line number="43" hits="22"/><line number="44" hits="22"/><line number="49" hits="22"/><line number="50" hits="22"/><line number="53" hits="22"/><line number="55" hits="22"/><line number="57" hits="80"/><line number="59" hits="20"/></lines></class><class name="main" filename="src/main.rs" line-rate="0" branch-rate="0" complexity="0"><methods/><lines><line number="8" hits="0"/><line number="9" hits="0"/><line number="10" hits="0"/><line number="12" hits="0"/><line number="13" hits="0"/><line number="14" hits="0"/><line number="15" hits="0"/></lines></class><class name="startup" filename="src/startup.rs" line-rate="1" branch-rate="0" complexity="0"><methods/><lines><line number="23" hits="45"/><line number="24" hits="15"/><line number="26" hits="15"/><line number="27" hits="15"/><line number="31" hits="15"/><line number="33" hits="15"/><line number="34" hits="15"/><line number="35" hits="15"/><line number="36" hits="15"/><line number="39" hits="15"/><line number="41" hits="15"/><line number="43" hits="30"/><line number="44" hits="15"/><line number="46" hits="15"/><line number="47" hits="15"/><line number="48" hits="15"/><line number="49" hits="15"/><line number="52" hits="15"/><line number="55" hits="60"/><line number="56" hits="60"/><line number="60" hits="30"/><line number="61" hits="15"/><line number="65" hits="60"/><line number="66" hits="60"/><line number="67" hits="60"/><line number="68" hits="60"/><line number="76" hits="30"/><line number="82" hits="30"/><line number="83" hits="30"/><line number="84" hits="30"/><line number="85" hits="30"/><line number="87" hits="300"/><line number="88" hits="240"/><line number="89" hits="240"/><line number="90" hits="240"/><line number="91" hits="240"/><line number="92" hits="240"/><line number="93" hits="240"/><line number="94" hits="240"/><line number="95" hits="240"/><line number="96" hits="240"/><line number="97" hits="240"/><line number="99" hits="30"/><line number="101" hits="30"/><line number="102" hits="30"/></lines></class><class name="telemetry" filename="src/telemetry.rs" line-rate="1" branch-rate="0" complexity="0"><methods/><lines><line number="19" hits="1"/><line number="32" hits="1"/><line number="33" hits="3"/><line number="34" hits="1"/><line number="35" hits="1"/><line number="36" hits="1"/><line number="37" hits="1"/><line number="38" hits="1"/><line number="44" hits="1"/><line number="45" hits="1"/><line number="46" hits="1"/><line number="47" hits="1"/></lines></class></classes></package><package name="tests/api" line-rate="0" branch-rate="0" complexity="0"><classes></classes></package><package name="src/routes" line-rate="0.7878787878787878" branch-rate="0" complexity="0"><classes><class name="health_check" filename="src/routes/health_check.rs" line-rate="1" branch-rate="0" complexity="0"><methods/><lines><line number="3" hits="4"/><line number="4" hits="2"/></lines></class><class name="newsletters" filename="src/routes/newsletters.rs" line-rate="0.8695652173913043" branch-rate="0" complexity="0"><methods/><lines><line number="20" hits="4"/><line number="21" hits="4"/><line number="25" hits="2"/><line number="26" hits="2"/><line number="28" hits="0"/><line number="31" hits="2"/><line number="32" hits="2"/><line number="33" hits="2"/><line number="37" hits="2"/><line number="38" hits="2"/><line number="56" hits="6"/><line number="62" hits="58"/><line number="64" hits="12"/><line number="66" hits="8"/><line number="68" hits="2"/><line number="69" hits="2"/><line number="70" hits="2"/><line number="72" hits="2"/><line number="73" hits="2"/><line number="74" hits="2"/><line number="75" hits="2"/><line number="77" hits="4"/><line number="78" hits="2"/><line number="79" hits="0"/><line number="82" hits="0"/><line number="83" hits="0"/><line number="85" hits="0"/><line number="94" hits="4"/><line number="102" hits="6"/><line number="104" hits="10"/><line number="110" hits="8"/><line number="114" hits="8"/><line number="117" hits="8"/><line number="121" hits="4"/><line number="122" hits="8"/><line number="124" hits="8"/><line number="126" hits="8"/><line number="128" hits="8"/><line number="130" hits="4"/><line number="131" hits="4"/><line number="132" hits="4"/><line number="140" hits="24"/><line number="148" hits="2"/><line number="158" hits="2"/><line number="159" hits="2"/><line number="160" hits="0"/></lines></class><class name="subscriptions" filename="src/routes/subscriptions.rs" line-rate="0.775" branch-rate="0" complexity="0"><methods/><lines><line number="25" hits="24"/><line number="26" hits="48"/><line number="27" hits="44"/><line number="28" hits="18"/><line number="32" hits="48"/><line number="81" hits="80"/><line number="82" hits="16"/><line number="83" hits="16"/><line number="110" hits="16"/><line number="111" hits="16"/><line number="112" hits="432"/><line number="113" hits="16"/><line number="118" hits="124"/><line number="138" hits="2"/><line number="139" hits="2"/><line number="141" hits="2"/><line number="142" hits="2"/><line number="143" hits="2"/><line number="148" hits="96"/><line number="165" hits="0"/><line number="172" hits="0"/><line number="173" hits="0"/><line number="174" hits="0"/><line number="182" hits="0"/><line number="183" hits="0"/><line number="188" hits="0"/><line number="189" hits="0"/><line number="190" hits="0"/><line number="198" hits="20"/><line number="199" hits="20"/><line number="200" hits="44"/><line number="201" hits="12"/><line number="202" hits="12"/><line number="204" hits="20"/><line number="216" hits="8"/><line number="217" hits="8"/><line number="218" hits="6"/><line number="219" hits="2"/><line number="226" hits="16"/><line number="227" hits="16"/></lines></class><class name="subscriptions_confirm" filename="src/routes/subscriptions_confirm.rs" line-rate="0.45454545454545453" branch-rate="0" complexity="0"><methods/><lines><line number="11" hits="30"/><line number="30" hits="54"/><line number="38" hits="0"/><line number="39" hits="0"/><line number="40" hits="0"/><line number="45" hits="24"/><line number="50" hits="6"/><line number="56" hits="0"/><line number="57" hits="0"/><line number="58" hits="0"/><line number="60" hits="6"/></lines></class></classes></package><package name="src/domain" line-rate="0.8620689655172413" branch-rate="0" complexity="0"><classes><class name="subscriber_email" filename="src/domain/subscriber_email.rs" line-rate="0.6" branch-rate="0" complexity="0"><methods/><lines><line number="6" hits="165"/><line number="7" hits="165"/><line number="8" hits="158"/><line number="10" hits="7"/><line number="16" hits="60"/><line number="17" hits="60"/><line number="22" hits="0"/><line number="23" hits="0"/><line number="24" hits="0"/><line number="25" hits="0"/></lines></class><class name="subscriber_name" filename="src/domain/subscriber_name.rs" line-rate="1" branch-rate="0" complexity="0"><methods/><lines><line number="10" hits="38"/><line number="11" hits="38"/><line number="12" hits="38"/><line number="13" hits="38"/><line number="14" hits="38"/><line number="15" hits="38"/><line number="16" hits="38"/><line number="18" hits="38"/><line number="19" hits="38"/><line number="20" hits="38"/><line number="21" hits="38"/><line number="22" hits="38"/><line number="23" hits="38"/><line number="24" hits="727"/><line number="25" hits="105"/><line number="26" hits="14"/><line number="28" hits="24"/><line number="34" hits="18"/><line number="35" hits="18"/></lines></class></classes></package></packages></coverage>